[0.404s] Invoking command in '/home/pushpanjali/serial_line_follower/build/my_bot': PYTHONPATH=/home/pushpanjali/serial_line_follower/build/my_bot/prefix_override:/usr/lib/python3/dist-packages/colcon_core/task/python/colcon_distutils_commands:/home/pushpanjali/serial_line_follower/install/my_bot/lib/python3.10/site-packages:${PYTHONPATH} /usr/bin/python3 -W ignore:setup.py install is deprecated setup.py develop --editable --build-directory /home/pushpanjali/serial_line_follower/build/my_bot/build --no-deps symlink_data
[0.600s] running develop
[0.600s] /usr/lib/python3/dist-packages/setuptools/command/easy_install.py:158: EasyInstallDeprecationWarning: easy_install command is deprecated. Use build and pip and other standards-based tools.
[0.600s]   warnings.warn(
[0.702s] running egg_info
[0.702s] writing my_bot.egg-info/PKG-INFO
[0.702s] writing dependency_links to my_bot.egg-info/dependency_links.txt
[0.702s] writing entry points to my_bot.egg-info/entry_points.txt
[0.702s] writing requirements to my_bot.egg-info/requires.txt
[0.702s] writing top-level names to my_bot.egg-info/top_level.txt
[0.703s] reading manifest file 'my_bot.egg-info/SOURCES.txt'
[0.704s] writing manifest file 'my_bot.egg-info/SOURCES.txt'
[0.705s] running build_ext
[0.705s] Creating /home/pushpanjali/serial_line_follower/install/my_bot/lib/python3.10/site-packages/my-bot.egg-link (link to .)
[0.706s] Installing ir_node script to /home/pushpanjali/serial_line_follower/install/my_bot/lib/my_bot
[0.706s] Installing motor_control script to /home/pushpanjali/serial_line_follower/install/my_bot/lib/my_bot
[0.706s] 
[0.706s] Installed /home/pushpanjali/serial_line_follower/build/my_bot
[0.706s] running symlink_data
[0.730s] Invoked command in '/home/pushpanjali/serial_line_follower/build/my_bot' returned '0': PYTHONPATH=/home/pushpanjali/serial_line_follower/build/my_bot/prefix_override:/usr/lib/python3/dist-packages/colcon_core/task/python/colcon_distutils_commands:/home/pushpanjali/serial_line_follower/install/my_bot/lib/python3.10/site-packages:${PYTHONPATH} /usr/bin/python3 -W ignore:setup.py install is deprecated setup.py develop --editable --build-directory /home/pushpanjali/serial_line_follower/build/my_bot/build --no-deps symlink_data
