/home/pushpanjali/Downloads/serial_line_follower/install/my_bot/lib/python3.10/site-packages/my_bot/ir_node.py
/home/pushpanjali/Downloads/serial_line_follower/install/my_bot/lib/python3.10/site-packages/my_bot/motor_control.py
/home/pushpanjali/Downloads/serial_line_follower/install/my_bot/lib/python3.10/site-packages/my_bot/blue.py
/home/pushpanjali/Downloads/serial_line_follower/install/my_bot/lib/python3.10/site-packages/my_bot/__init__.py
/home/pushpanjali/Downloads/serial_line_follower/install/my_bot/lib/python3.10/site-packages/my_bot/__pycache__/ir_node.cpython-310.pyc
/home/pushpanjali/Downloads/serial_line_follower/install/my_bot/lib/python3.10/site-packages/my_bot/__pycache__/motor_control.cpython-310.pyc
/home/pushpanjali/Downloads/serial_line_follower/install/my_bot/lib/python3.10/site-packages/my_bot/__pycache__/blue.cpython-310.pyc
/home/pushpanjali/Downloads/serial_line_follower/install/my_bot/lib/python3.10/site-packages/my_bot/__pycache__/__init__.cpython-310.pyc
/home/pushpanjali/Downloads/serial_line_follower/install/my_bot/share/ament_index/resource_index/packages/my_bot
/home/pushpanjali/Downloads/serial_line_follower/install/my_bot/share/my_bot/package.xml
/home/pushpanjali/Downloads/serial_line_follower/install/my_bot/lib/python3.10/site-packages/my_bot-0.0.0-py3.10.egg-info/entry_points.txt
/home/pushpanjali/Downloads/serial_line_follower/install/my_bot/lib/python3.10/site-packages/my_bot-0.0.0-py3.10.egg-info/zip-safe
/home/pushpanjali/Downloads/serial_line_follower/install/my_bot/lib/python3.10/site-packages/my_bot-0.0.0-py3.10.egg-info/dependency_links.txt
/home/pushpanjali/Downloads/serial_line_follower/install/my_bot/lib/python3.10/site-packages/my_bot-0.0.0-py3.10.egg-info/top_level.txt
/home/pushpanjali/Downloads/serial_line_follower/install/my_bot/lib/python3.10/site-packages/my_bot-0.0.0-py3.10.egg-info/requires.txt
/home/pushpanjali/Downloads/serial_line_follower/install/my_bot/lib/python3.10/site-packages/my_bot-0.0.0-py3.10.egg-info/SOURCES.txt
/home/pushpanjali/Downloads/serial_line_follower/install/my_bot/lib/python3.10/site-packages/my_bot-0.0.0-py3.10.egg-info/PKG-INFO
/home/pushpanjali/Downloads/serial_line_follower/install/my_bot/lib/my_bot/blue
/home/pushpanjali/Downloads/serial_line_follower/install/my_bot/lib/my_bot/ir_node
/home/pushpanjali/Downloads/serial_line_follower/install/my_bot/lib/my_bot/motor_control
