[1.192s] Invoking command in '/home/pushpanjali/serial_line_follower/build/my_bot': PYTHONPATH=/home/pushpanjali/serial_line_follower/build/my_bot/prefix_override:/usr/lib/python3/dist-packages/colcon_core/task/python/colcon_distutils_commands:/home/pushpanjali/serial_line_follower/install/my_bot/lib/python3.10/site-packages:${PYTHONPATH} /usr/bin/python3 -W ignore:setup.py install is deprecated setup.py develop --editable --build-directory /home/pushpanjali/serial_line_follower/build/my_bot/build --no-deps symlink_data
[1.690s] running develop
[1.690s] /usr/lib/python3/dist-packages/setuptools/command/easy_install.py:158: EasyInstallDeprecationWarning: easy_install command is deprecated. Use build and pip and other standards-based tools.
[1.690s]   warnings.warn(
[1.999s] running egg_info
[1.999s] writing my_bot.egg-info/PKG-INFO
[1.999s] writing dependency_links to my_bot.egg-info/dependency_links.txt
[2.000s] writing entry points to my_bot.egg-info/entry_points.txt
[2.000s] writing requirements to my_bot.egg-info/requires.txt
[2.000s] writing top-level names to my_bot.egg-info/top_level.txt
[2.003s] reading manifest file 'my_bot.egg-info/SOURCES.txt'
[2.004s] writing manifest file 'my_bot.egg-info/SOURCES.txt'
[2.007s] running build_ext
[2.007s] Creating /home/pushpanjali/serial_line_follower/install/my_bot/lib/python3.10/site-packages/my-bot.egg-link (link to .)
[2.009s] Installing ir_node script to /home/pushpanjali/serial_line_follower/install/my_bot/lib/my_bot
[2.009s] Installing motor_control script to /home/pushpanjali/serial_line_follower/install/my_bot/lib/my_bot
[2.009s] 
[2.009s] Installed /home/pushpanjali/serial_line_follower/build/my_bot
[2.009s] running symlink_data
[2.059s] Invoked command in '/home/pushpanjali/serial_line_follower/build/my_bot' returned '0': PYTHONPATH=/home/pushpanjali/serial_line_follower/build/my_bot/prefix_override:/usr/lib/python3/dist-packages/colcon_core/task/python/colcon_distutils_commands:/home/pushpanjali/serial_line_follower/install/my_bot/lib/python3.10/site-packages:${PYTHONPATH} /usr/bin/python3 -W ignore:setup.py install is deprecated setup.py develop --editable --build-directory /home/pushpanjali/serial_line_follower/build/my_bot/build --no-deps symlink_data
