running develop
/usr/lib/python3/dist-packages/setuptools/command/easy_install.py:158: EasyInstallDeprecationWarning: easy_install command is deprecated. Use build and pip and other standards-based tools.
  warnings.warn(
Removing /home/pushpanjali/serial_line_follower/install/my_bot/lib/python3.10/site-packages/my-bot.egg-link (link to .)
running egg_info
writing ../../build/my_bot/my_bot.egg-info/PKG-INFO
writing dependency_links to ../../build/my_bot/my_bot.egg-info/dependency_links.txt
writing entry points to ../../build/my_bot/my_bot.egg-info/entry_points.txt
writing requirements to ../../build/my_bot/my_bot.egg-info/requires.txt
writing top-level names to ../../build/my_bot/my_bot.egg-info/top_level.txt
reading manifest file '../../build/my_bot/my_bot.egg-info/SOURCES.txt'
writing manifest file '../../build/my_bot/my_bot.egg-info/SOURCES.txt'
running build
running build_py
copying my_bot/motor_control.py -> /home/pushpanjali/serial_line_follower/build/my_bot/build/lib/my_bot
running install
running install_lib
creating /home/pushpanjali/serial_line_follower/install/my_bot/lib/python3.10/site-packages/my_bot
copying /home/pushpanjali/serial_line_follower/build/my_bot/build/lib/my_bot/__init__.py -> /home/pushpanjali/serial_line_follower/install/my_bot/lib/python3.10/site-packages/my_bot
copying /home/pushpanjali/serial_line_follower/build/my_bot/build/lib/my_bot/ir_node.py -> /home/pushpanjali/serial_line_follower/install/my_bot/lib/python3.10/site-packages/my_bot
copying /home/pushpanjali/serial_line_follower/build/my_bot/build/lib/my_bot/motor_control.py -> /home/pushpanjali/serial_line_follower/install/my_bot/lib/python3.10/site-packages/my_bot
byte-compiling /home/pushpanjali/serial_line_follower/install/my_bot/lib/python3.10/site-packages/my_bot/__init__.py to __init__.cpython-310.pyc
byte-compiling /home/pushpanjali/serial_line_follower/install/my_bot/lib/python3.10/site-packages/my_bot/ir_node.py to ir_node.cpython-310.pyc
byte-compiling /home/pushpanjali/serial_line_follower/install/my_bot/lib/python3.10/site-packages/my_bot/motor_control.py to motor_control.cpython-310.pyc
running install_data
copying resource/my_bot -> /home/pushpanjali/serial_line_follower/install/my_bot/share/ament_index/resource_index/packages
copying package.xml -> /home/pushpanjali/serial_line_follower/install/my_bot/share/my_bot
running install_egg_info
Copying ../../build/my_bot/my_bot.egg-info to /home/pushpanjali/serial_line_follower/install/my_bot/lib/python3.10/site-packages/my_bot-0.0.0-py3.10.egg-info
running install_scripts
Installing ir_node script to /home/pushpanjali/serial_line_follower/install/my_bot/lib/my_bot
Installing motor_control script to /home/pushpanjali/serial_line_follower/install/my_bot/lib/my_bot
writing list of installed files to '/home/pushpanjali/serial_line_follower/build/my_bot/install.log'
