[0.391s] Invoking command in '/home/pushpanjali/Downloads/serial_line_follower/src/my_bot': PYTHONPATH=/home/pushpanjali/Downloads/serial_line_follower/build/my_bot/prefix_override:/usr/lib/python3/dist-packages/colcon_core/task/python/colcon_distutils_commands:/home/pushpanjali/Downloads/serial_line_follower/install/my_bot/lib/python3.10/site-packages:${PYTHONPATH} /usr/bin/python3 -W ignore:setup.py install is deprecated setup.py egg_info --egg-base ../../build/my_bot build --build-base /home/pushpanjali/Downloads/serial_line_follower/build/my_bot/build install --record /home/pushpanjali/Downloads/serial_line_follower/build/my_bot/install.log --single-version-externally-managed install_data
[0.535s] running egg_info
[0.536s] writing ../../build/my_bot/my_bot.egg-info/PKG-INFO
[0.536s] writing dependency_links to ../../build/my_bot/my_bot.egg-info/dependency_links.txt
[0.537s] writing entry points to ../../build/my_bot/my_bot.egg-info/entry_points.txt
[0.539s] writing requirements to ../../build/my_bot/my_bot.egg-info/requires.txt
[0.539s] writing top-level names to ../../build/my_bot/my_bot.egg-info/top_level.txt
[0.539s] reading manifest file '../../build/my_bot/my_bot.egg-info/SOURCES.txt'
[0.546s] writing manifest file '../../build/my_bot/my_bot.egg-info/SOURCES.txt'
[0.546s] running build
[0.546s] running build_py
[0.546s] running install
[0.548s] running install_lib
[0.549s] byte-compiling /home/pushpanjali/Downloads/serial_line_follower/install/my_bot/lib/python3.10/site-packages/my_bot/ir_node.py to ir_node.cpython-310.pyc
[0.550s] Sorry: IndentationError: expected an indented block after 'if' statement on line 76 (ir_node.py, line 232)
[0.550s] running install_data
[0.550s] running install_egg_info
[0.552s] removing '/home/pushpanjali/Downloads/serial_line_follower/install/my_bot/lib/python3.10/site-packages/my_bot-0.0.0-py3.10.egg-info' (and everything under it)
[0.552s] Copying ../../build/my_bot/my_bot.egg-info to /home/pushpanjali/Downloads/serial_line_follower/install/my_bot/lib/python3.10/site-packages/my_bot-0.0.0-py3.10.egg-info
[0.553s] running install_scripts
[0.572s] Installing blue script to /home/pushpanjali/Downloads/serial_line_follower/install/my_bot/lib/my_bot
[0.572s] Installing ir_node script to /home/pushpanjali/Downloads/serial_line_follower/install/my_bot/lib/my_bot
[0.572s] Installing motor_control script to /home/pushpanjali/Downloads/serial_line_follower/install/my_bot/lib/my_bot
[0.573s] writing list of installed files to '/home/pushpanjali/Downloads/serial_line_follower/build/my_bot/install.log'
[0.592s] Invoked command in '/home/pushpanjali/Downloads/serial_line_follower/src/my_bot' returned '0': PYTHONPATH=/home/pushpanjali/Downloads/serial_line_follower/build/my_bot/prefix_override:/usr/lib/python3/dist-packages/colcon_core/task/python/colcon_distutils_commands:/home/pushpanjali/Downloads/serial_line_follower/install/my_bot/lib/python3.10/site-packages:${PYTHONPATH} /usr/bin/python3 -W ignore:setup.py install is deprecated setup.py egg_info --egg-base ../../build/my_bot build --build-base /home/pushpanjali/Downloads/serial_line_follower/build/my_bot/build install --record /home/pushpanjali/Downloads/serial_line_follower/build/my_bot/install.log --single-version-externally-managed install_data
