[0.455s] Invoking command in '/home/pushpanjali/serial_line_follower/build/my_bot': PYTHONPATH=/home/pushpanjali/serial_line_follower/build/my_bot/prefix_override:/usr/lib/python3/dist-packages/colcon_core/task/python/colcon_distutils_commands:/home/pushpanjali/serial_line_follower/install/my_bot/lib/python3.10/site-packages:${PYTHONPATH} /usr/bin/python3 -W ignore:setup.py install is deprecated setup.py develop --uninstall --editable --build-directory /home/pushpanjali/serial_line_follower/build/my_bot/build
[0.629s] running develop
[0.637s] /usr/lib/python3/dist-packages/setuptools/command/easy_install.py:158: EasyInstallDeprecationWarning: easy_install command is deprecated. Use build and pip and other standards-based tools.
[0.637s]   warnings.warn(
[0.736s] Removing /home/pushpanjali/serial_line_follower/install/my_bot/lib/python3.10/site-packages/my-bot.egg-link (link to .)
[0.758s] Invoked command in '/home/pushpanjali/serial_line_follower/build/my_bot' returned '0': PYTHONPATH=/home/pushpanjali/serial_line_follower/build/my_bot/prefix_override:/usr/lib/python3/dist-packages/colcon_core/task/python/colcon_distutils_commands:/home/pushpanjali/serial_line_follower/install/my_bot/lib/python3.10/site-packages:${PYTHONPATH} /usr/bin/python3 -W ignore:setup.py install is deprecated setup.py develop --uninstall --editable --build-directory /home/pushpanjali/serial_line_follower/build/my_bot/build
[0.759s] Invoking command in '/home/pushpanjali/serial_line_follower/src/my_bot': PYTHONPATH=/home/pushpanjali/serial_line_follower/build/my_bot/prefix_override:/usr/lib/python3/dist-packages/colcon_core/task/python/colcon_distutils_commands:/home/pushpanjali/serial_line_follower/install/my_bot/lib/python3.10/site-packages:${PYTHONPATH} /usr/bin/python3 -W ignore:setup.py install is deprecated setup.py egg_info --egg-base ../../build/my_bot build --build-base /home/pushpanjali/serial_line_follower/build/my_bot/build install --record /home/pushpanjali/serial_line_follower/build/my_bot/install.log --single-version-externally-managed install_data --force
[0.903s] running egg_info
[0.903s] writing ../../build/my_bot/my_bot.egg-info/PKG-INFO
[0.903s] writing dependency_links to ../../build/my_bot/my_bot.egg-info/dependency_links.txt
[0.903s] writing entry points to ../../build/my_bot/my_bot.egg-info/entry_points.txt
[0.904s] writing requirements to ../../build/my_bot/my_bot.egg-info/requires.txt
[0.904s] writing top-level names to ../../build/my_bot/my_bot.egg-info/top_level.txt
[0.905s] reading manifest file '../../build/my_bot/my_bot.egg-info/SOURCES.txt'
[0.912s] writing manifest file '../../build/my_bot/my_bot.egg-info/SOURCES.txt'
[0.913s] running build
[0.913s] running build_py
[0.913s] copying my_bot/motor_control.py -> /home/pushpanjali/serial_line_follower/build/my_bot/build/lib/my_bot
[0.913s] running install
[0.913s] running install_lib
[0.913s] creating /home/pushpanjali/serial_line_follower/install/my_bot/lib/python3.10/site-packages/my_bot
[0.913s] copying /home/pushpanjali/serial_line_follower/build/my_bot/build/lib/my_bot/__init__.py -> /home/pushpanjali/serial_line_follower/install/my_bot/lib/python3.10/site-packages/my_bot
[0.913s] copying /home/pushpanjali/serial_line_follower/build/my_bot/build/lib/my_bot/ir_node.py -> /home/pushpanjali/serial_line_follower/install/my_bot/lib/python3.10/site-packages/my_bot
[0.914s] copying /home/pushpanjali/serial_line_follower/build/my_bot/build/lib/my_bot/motor_control.py -> /home/pushpanjali/serial_line_follower/install/my_bot/lib/python3.10/site-packages/my_bot
[0.914s] byte-compiling /home/pushpanjali/serial_line_follower/install/my_bot/lib/python3.10/site-packages/my_bot/__init__.py to __init__.cpython-310.pyc
[0.914s] byte-compiling /home/pushpanjali/serial_line_follower/install/my_bot/lib/python3.10/site-packages/my_bot/ir_node.py to ir_node.cpython-310.pyc
[0.914s] byte-compiling /home/pushpanjali/serial_line_follower/install/my_bot/lib/python3.10/site-packages/my_bot/motor_control.py to motor_control.cpython-310.pyc
[0.915s] running install_data
[0.915s] copying resource/my_bot -> /home/pushpanjali/serial_line_follower/install/my_bot/share/ament_index/resource_index/packages
[0.915s] copying package.xml -> /home/pushpanjali/serial_line_follower/install/my_bot/share/my_bot
[0.915s] running install_egg_info
[0.916s] Copying ../../build/my_bot/my_bot.egg-info to /home/pushpanjali/serial_line_follower/install/my_bot/lib/python3.10/site-packages/my_bot-0.0.0-py3.10.egg-info
[0.916s] running install_scripts
[0.930s] Installing ir_node script to /home/pushpanjali/serial_line_follower/install/my_bot/lib/my_bot
[0.930s] Installing motor_control script to /home/pushpanjali/serial_line_follower/install/my_bot/lib/my_bot
[0.930s] writing list of installed files to '/home/pushpanjali/serial_line_follower/build/my_bot/install.log'
[0.951s] Invoked command in '/home/pushpanjali/serial_line_follower/src/my_bot' returned '0': PYTHONPATH=/home/pushpanjali/serial_line_follower/build/my_bot/prefix_override:/usr/lib/python3/dist-packages/colcon_core/task/python/colcon_distutils_commands:/home/pushpanjali/serial_line_follower/install/my_bot/lib/python3.10/site-packages:${PYTHONPATH} /usr/bin/python3 -W ignore:setup.py install is deprecated setup.py egg_info --egg-base ../../build/my_bot build --build-base /home/pushpanjali/serial_line_follower/build/my_bot/build install --record /home/pushpanjali/serial_line_follower/build/my_bot/install.log --single-version-externally-managed install_data --force
