[0.393s] Invoking command in '/home/pushpanjali/serial_line_follower/src/my_bot': PYTHONPATH=/home/pushpanjali/serial_line_follower/build/my_bot/prefix_override:/usr/lib/python3/dist-packages/colcon_core/task/python/colcon_distutils_commands:/home/pushpanjali/serial_line_follower/install/my_bot/lib/python3.10/site-packages:${PYTHONPATH} /usr/bin/python3 -W ignore:setup.py install is deprecated setup.py egg_info --egg-base ../../build/my_bot build --build-base /home/pushpanjali/serial_line_follower/build/my_bot/build install --record /home/pushpanjali/serial_line_follower/build/my_bot/install.log --single-version-externally-managed install_data
[0.560s] running egg_info
[0.560s] writing ../../build/my_bot/my_bot.egg-info/PKG-INFO
[0.560s] writing dependency_links to ../../build/my_bot/my_bot.egg-info/dependency_links.txt
[0.560s] writing entry points to ../../build/my_bot/my_bot.egg-info/entry_points.txt
[0.560s] writing requirements to ../../build/my_bot/my_bot.egg-info/requires.txt
[0.560s] writing top-level names to ../../build/my_bot/my_bot.egg-info/top_level.txt
[0.562s] reading manifest file '../../build/my_bot/my_bot.egg-info/SOURCES.txt'
[0.563s] writing manifest file '../../build/my_bot/my_bot.egg-info/SOURCES.txt'
[0.563s] running build
[0.563s] running build_py
[0.563s] copying my_bot/ir_node.py -> /home/pushpanjali/serial_line_follower/build/my_bot/build/lib/my_bot
[0.563s] running install
[0.563s] running install_lib
[0.564s] copying /home/pushpanjali/serial_line_follower/build/my_bot/build/lib/my_bot/ir_node.py -> /home/pushpanjali/serial_line_follower/install/my_bot/lib/python3.10/site-packages/my_bot
[0.564s] byte-compiling /home/pushpanjali/serial_line_follower/install/my_bot/lib/python3.10/site-packages/my_bot/ir_node.py to ir_node.cpython-310.pyc
[0.564s] running install_data
[0.564s] running install_egg_info
[0.565s] removing '/home/pushpanjali/serial_line_follower/install/my_bot/lib/python3.10/site-packages/my_bot-0.0.0-py3.10.egg-info' (and everything under it)
[0.566s] Copying ../../build/my_bot/my_bot.egg-info to /home/pushpanjali/serial_line_follower/install/my_bot/lib/python3.10/site-packages/my_bot-0.0.0-py3.10.egg-info
[0.566s] running install_scripts
[0.579s] Installing ir_node script to /home/pushpanjali/serial_line_follower/install/my_bot/lib/my_bot
[0.579s] writing list of installed files to '/home/pushpanjali/serial_line_follower/build/my_bot/install.log'
[0.598s] Invoked command in '/home/pushpanjali/serial_line_follower/src/my_bot' returned '0': PYTHONPATH=/home/pushpanjali/serial_line_follower/build/my_bot/prefix_override:/usr/lib/python3/dist-packages/colcon_core/task/python/colcon_distutils_commands:/home/pushpanjali/serial_line_follower/install/my_bot/lib/python3.10/site-packages:${PYTHONPATH} /usr/bin/python3 -W ignore:setup.py install is deprecated setup.py egg_info --egg-base ../../build/my_bot build --build-base /home/pushpanjali/serial_line_follower/build/my_bot/build install --record /home/pushpanjali/serial_line_follower/build/my_bot/install.log --single-version-externally-managed install_data
