[0.444s] Invoking command in '/home/pushpanjali/serial_line_follower/src/my_bot': PYTHONPATH=/home/pushpanjali/serial_line_follower/build/my_bot/prefix_override:/usr/lib/python3/dist-packages/colcon_core/task/python/colcon_distutils_commands:/home/pushpanjali/serial_line_follower/install/my_bot/lib/python3.10/site-packages:${PYTHONPATH} /usr/bin/python3 -W ignore:setup.py install is deprecated setup.py egg_info --egg-base ../../build/my_bot build --build-base /home/pushpanjali/serial_line_follower/build/my_bot/build install --record /home/pushpanjali/serial_line_follower/build/my_bot/install.log --single-version-externally-managed install_data
[0.627s] running egg_info
[0.627s] creating ../../build/my_bot/my_bot.egg-info
[0.627s] writing ../../build/my_bot/my_bot.egg-info/PKG-INFO
[0.628s] writing dependency_links to ../../build/my_bot/my_bot.egg-info/dependency_links.txt
[0.628s] writing entry points to ../../build/my_bot/my_bot.egg-info/entry_points.txt
[0.628s] writing requirements to ../../build/my_bot/my_bot.egg-info/requires.txt
[0.628s] writing top-level names to ../../build/my_bot/my_bot.egg-info/top_level.txt
[0.628s] writing manifest file '../../build/my_bot/my_bot.egg-info/SOURCES.txt'
[0.629s] reading manifest file '../../build/my_bot/my_bot.egg-info/SOURCES.txt'
[0.629s] writing manifest file '../../build/my_bot/my_bot.egg-info/SOURCES.txt'
[0.630s] running build
[0.630s] running build_py
[0.630s] creating /home/pushpanjali/serial_line_follower/build/my_bot/build
[0.630s] creating /home/pushpanjali/serial_line_follower/build/my_bot/build/lib
[0.630s] creating /home/pushpanjali/serial_line_follower/build/my_bot/build/lib/my_bot
[0.630s] copying my_bot/__init__.py -> /home/pushpanjali/serial_line_follower/build/my_bot/build/lib/my_bot
[0.630s] copying my_bot/ir_node.py -> /home/pushpanjali/serial_line_follower/build/my_bot/build/lib/my_bot
[0.630s] copying my_bot/motor_control.py -> /home/pushpanjali/serial_line_follower/build/my_bot/build/lib/my_bot
[0.630s] running install
[0.630s] running install_lib
[0.631s] creating /home/pushpanjali/serial_line_follower/install/my_bot/lib/python3.10/site-packages/my_bot
[0.631s] copying /home/pushpanjali/serial_line_follower/build/my_bot/build/lib/my_bot/__init__.py -> /home/pushpanjali/serial_line_follower/install/my_bot/lib/python3.10/site-packages/my_bot
[0.631s] copying /home/pushpanjali/serial_line_follower/build/my_bot/build/lib/my_bot/ir_node.py -> /home/pushpanjali/serial_line_follower/install/my_bot/lib/python3.10/site-packages/my_bot
[0.631s] copying /home/pushpanjali/serial_line_follower/build/my_bot/build/lib/my_bot/motor_control.py -> /home/pushpanjali/serial_line_follower/install/my_bot/lib/python3.10/site-packages/my_bot
[0.631s] byte-compiling /home/pushpanjali/serial_line_follower/install/my_bot/lib/python3.10/site-packages/my_bot/__init__.py to __init__.cpython-310.pyc
[0.631s] byte-compiling /home/pushpanjali/serial_line_follower/install/my_bot/lib/python3.10/site-packages/my_bot/ir_node.py to ir_node.cpython-310.pyc
[0.632s] byte-compiling /home/pushpanjali/serial_line_follower/install/my_bot/lib/python3.10/site-packages/my_bot/motor_control.py to motor_control.cpython-310.pyc
[0.632s] running install_data
[0.632s] creating /home/pushpanjali/serial_line_follower/install/my_bot/share/ament_index
[0.632s] creating /home/pushpanjali/serial_line_follower/install/my_bot/share/ament_index/resource_index
[0.632s] creating /home/pushpanjali/serial_line_follower/install/my_bot/share/ament_index/resource_index/packages
[0.632s] copying resource/my_bot -> /home/pushpanjali/serial_line_follower/install/my_bot/share/ament_index/resource_index/packages
[0.632s] copying package.xml -> /home/pushpanjali/serial_line_follower/install/my_bot/share/my_bot
[0.632s] running install_egg_info
[0.634s] Copying ../../build/my_bot/my_bot.egg-info to /home/pushpanjali/serial_line_follower/install/my_bot/lib/python3.10/site-packages/my_bot-0.0.0-py3.10.egg-info
[0.634s] running install_scripts
[0.648s] Installing ir_receiver_node script to /home/pushpanjali/serial_line_follower/install/my_bot/lib/my_bot
[0.648s] Installing motor_control_node script to /home/pushpanjali/serial_line_follower/install/my_bot/lib/my_bot
[0.648s] writing list of installed files to '/home/pushpanjali/serial_line_follower/build/my_bot/install.log'
[0.666s] Invoked command in '/home/pushpanjali/serial_line_follower/src/my_bot' returned '0': PYTHONPATH=/home/pushpanjali/serial_line_follower/build/my_bot/prefix_override:/usr/lib/python3/dist-packages/colcon_core/task/python/colcon_distutils_commands:/home/pushpanjali/serial_line_follower/install/my_bot/lib/python3.10/site-packages:${PYTHONPATH} /usr/bin/python3 -W ignore:setup.py install is deprecated setup.py egg_info --egg-base ../../build/my_bot build --build-base /home/pushpanjali/serial_line_follower/build/my_bot/build install --record /home/pushpanjali/serial_line_follower/build/my_bot/install.log --single-version-externally-managed install_data
