[1.178s] Invoking command in '/home/pushpanjali/serial_line_follower/build/my_bot': PYTHONPATH=/home/pushpanjali/serial_line_follower/build/my_bot/prefix_override:/usr/lib/python3/dist-packages/colcon_core/task/python/colcon_distutils_commands:/home/pushpanjali/serial_line_follower/install/my_bot/lib/python3.10/site-packages:${PYTHONPATH} /usr/bin/python3 -W ignore:setup.py install is deprecated setup.py develop --editable --build-directory /home/pushpanjali/serial_line_follower/build/my_bot/build --no-deps symlink_data
[1.665s] running develop
[1.666s] /usr/lib/python3/dist-packages/setuptools/command/easy_install.py:158: EasyInstallDeprecationWarning: easy_install command is deprecated. Use build and pip and other standards-based tools.
[1.666s]   warnings.warn(
[1.966s] running egg_info
[1.966s] writing my_bot.egg-info/PKG-INFO
[1.966s] writing dependency_links to my_bot.egg-info/dependency_links.txt
[1.967s] writing entry points to my_bot.egg-info/entry_points.txt
[1.967s] writing requirements to my_bot.egg-info/requires.txt
[1.967s] writing top-level names to my_bot.egg-info/top_level.txt
[1.972s] reading manifest file 'my_bot.egg-info/SOURCES.txt'
[1.974s] writing manifest file 'my_bot.egg-info/SOURCES.txt'
[1.976s] running build_ext
[1.976s] Creating /home/pushpanjali/serial_line_follower/install/my_bot/lib/python3.10/site-packages/my-bot.egg-link (link to .)
[1.979s] Installing ir_node script to /home/pushpanjali/serial_line_follower/install/my_bot/lib/my_bot
[1.979s] Installing motor_control script to /home/pushpanjali/serial_line_follower/install/my_bot/lib/my_bot
[1.979s] 
[1.979s] Installed /home/pushpanjali/serial_line_follower/build/my_bot
[1.979s] running symlink_data
[2.031s] Invoked command in '/home/pushpanjali/serial_line_follower/build/my_bot' returned '0': PYTHONPATH=/home/pushpanjali/serial_line_follower/build/my_bot/prefix_override:/usr/lib/python3/dist-packages/colcon_core/task/python/colcon_distutils_commands:/home/pushpanjali/serial_line_follower/install/my_bot/lib/python3.10/site-packages:${PYTHONPATH} /usr/bin/python3 -W ignore:setup.py install is deprecated setup.py develop --editable --build-directory /home/pushpanjali/serial_line_follower/build/my_bot/build --no-deps symlink_data
