[1.164s] Invoking command in '/home/pushpanjali/Downloads/serial_line_follower/src/my_bot': PYTHONPATH=/home/pushpanjali/Downloads/serial_line_follower/build/my_bot/prefix_override:/usr/lib/python3/dist-packages/colcon_core/task/python/colcon_distutils_commands:/home/pushpanjali/Downloads/serial_line_follower/install/my_bot/lib/python3.10/site-packages:${PYTHONPATH} /usr/bin/python3 -W ignore:setup.py install is deprecated setup.py egg_info --egg-base ../../build/my_bot build --build-base /home/pushpanjali/Downloads/serial_line_follower/build/my_bot/build install --record /home/pushpanjali/Downloads/serial_line_follower/build/my_bot/install.log --single-version-externally-managed install_data
[1.595s] running egg_info
[1.596s] writing ../../build/my_bot/my_bot.egg-info/PKG-INFO
[1.597s] writing dependency_links to ../../build/my_bot/my_bot.egg-info/dependency_links.txt
[1.597s] writing entry points to ../../build/my_bot/my_bot.egg-info/entry_points.txt
[1.597s] writing requirements to ../../build/my_bot/my_bot.egg-info/requires.txt
[1.597s] writing top-level names to ../../build/my_bot/my_bot.egg-info/top_level.txt
[1.600s] reading manifest file '../../build/my_bot/my_bot.egg-info/SOURCES.txt'
[1.602s] writing manifest file '../../build/my_bot/my_bot.egg-info/SOURCES.txt'
[1.602s] running build
[1.603s] running build_py
[1.603s] copying my_bot/blue.py -> /home/pushpanjali/Downloads/serial_line_follower/build/my_bot/build/lib/my_bot
[1.603s] running install
[1.603s] running install_lib
[1.605s] copying /home/pushpanjali/Downloads/serial_line_follower/build/my_bot/build/lib/my_bot/blue.py -> /home/pushpanjali/Downloads/serial_line_follower/install/my_bot/lib/python3.10/site-packages/my_bot
[1.606s] byte-compiling /home/pushpanjali/Downloads/serial_line_follower/install/my_bot/lib/python3.10/site-packages/my_bot/blue.py to blue.cpython-310.pyc
[1.607s] running install_data
[1.608s] running install_egg_info
[1.611s] removing '/home/pushpanjali/Downloads/serial_line_follower/install/my_bot/lib/python3.10/site-packages/my_bot-0.0.0-py3.10.egg-info' (and everything under it)
[1.612s] Copying ../../build/my_bot/my_bot.egg-info to /home/pushpanjali/Downloads/serial_line_follower/install/my_bot/lib/python3.10/site-packages/my_bot-0.0.0-py3.10.egg-info
[1.613s] running install_scripts
[1.652s] Installing blue script to /home/pushpanjali/Downloads/serial_line_follower/install/my_bot/lib/my_bot
[1.652s] Installing ir_node script to /home/pushpanjali/Downloads/serial_line_follower/install/my_bot/lib/my_bot
[1.652s] Installing motor_control script to /home/pushpanjali/Downloads/serial_line_follower/install/my_bot/lib/my_bot
[1.652s] writing list of installed files to '/home/pushpanjali/Downloads/serial_line_follower/build/my_bot/install.log'
[1.694s] Invoked command in '/home/pushpanjali/Downloads/serial_line_follower/src/my_bot' returned '0': PYTHONPATH=/home/pushpanjali/Downloads/serial_line_follower/build/my_bot/prefix_override:/usr/lib/python3/dist-packages/colcon_core/task/python/colcon_distutils_commands:/home/pushpanjali/Downloads/serial_line_follower/install/my_bot/lib/python3.10/site-packages:${PYTHONPATH} /usr/bin/python3 -W ignore:setup.py install is deprecated setup.py egg_info --egg-base ../../build/my_bot build --build-base /home/pushpanjali/Downloads/serial_line_follower/build/my_bot/build install --record /home/pushpanjali/Downloads/serial_line_follower/build/my_bot/install.log --single-version-externally-managed install_data
