[0.404s] Invoking command in '/home/pushpanjali/Downloads/serial_line_follower/src/my_bot': PYTHONPATH=/home/pushpanjali/Downloads/serial_line_follower/build/my_bot/prefix_override:/usr/lib/python3/dist-packages/colcon_core/task/python/colcon_distutils_commands:/home/pushpanjali/Downloads/serial_line_follower/install/my_bot/lib/python3.10/site-packages:${PYTHONPATH} /usr/bin/python3 -W ignore:setup.py install is deprecated setup.py egg_info --egg-base ../../build/my_bot build --build-base /home/pushpanjali/Downloads/serial_line_follower/build/my_bot/build install --record /home/pushpanjali/Downloads/serial_line_follower/build/my_bot/install.log --single-version-externally-managed install_data
[0.542s] running egg_info
[0.543s] writing ../../build/my_bot/my_bot.egg-info/PKG-INFO
[0.551s] writing dependency_links to ../../build/my_bot/my_bot.egg-info/dependency_links.txt
[0.551s] writing entry points to ../../build/my_bot/my_bot.egg-info/entry_points.txt
[0.551s] writing requirements to ../../build/my_bot/my_bot.egg-info/requires.txt
[0.551s] writing top-level names to ../../build/my_bot/my_bot.egg-info/top_level.txt
[0.553s] reading manifest file '../../build/my_bot/my_bot.egg-info/SOURCES.txt'
[0.553s] writing manifest file '../../build/my_bot/my_bot.egg-info/SOURCES.txt'
[0.553s] running build
[0.553s] running build_py
[0.554s] copying my_bot/ir_node.py -> /home/pushpanjali/Downloads/serial_line_follower/build/my_bot/build/lib/my_bot
[0.554s] running install
[0.554s] running install_lib
[0.555s] copying /home/pushpanjali/Downloads/serial_line_follower/build/my_bot/build/lib/my_bot/ir_node.py -> /home/pushpanjali/Downloads/serial_line_follower/install/my_bot/lib/python3.10/site-packages/my_bot
[0.556s] byte-compiling /home/pushpanjali/Downloads/serial_line_follower/install/my_bot/lib/python3.10/site-packages/my_bot/ir_node.py to ir_node.cpython-310.pyc
[0.556s] running install_data
[0.557s] running install_egg_info
[0.558s] removing '/home/pushpanjali/Downloads/serial_line_follower/install/my_bot/lib/python3.10/site-packages/my_bot-0.0.0-py3.10.egg-info' (and everything under it)
[0.558s] Copying ../../build/my_bot/my_bot.egg-info to /home/pushpanjali/Downloads/serial_line_follower/install/my_bot/lib/python3.10/site-packages/my_bot-0.0.0-py3.10.egg-info
[0.559s] running install_scripts
[0.571s] Installing blue script to /home/pushpanjali/Downloads/serial_line_follower/install/my_bot/lib/my_bot
[0.571s] Installing ir_node script to /home/pushpanjali/Downloads/serial_line_follower/install/my_bot/lib/my_bot
[0.572s] Installing motor_control script to /home/pushpanjali/Downloads/serial_line_follower/install/my_bot/lib/my_bot
[0.572s] writing list of installed files to '/home/pushpanjali/Downloads/serial_line_follower/build/my_bot/install.log'
[0.591s] Invoked command in '/home/pushpanjali/Downloads/serial_line_follower/src/my_bot' returned '0': PYTHONPATH=/home/pushpanjali/Downloads/serial_line_follower/build/my_bot/prefix_override:/usr/lib/python3/dist-packages/colcon_core/task/python/colcon_distutils_commands:/home/pushpanjali/Downloads/serial_line_follower/install/my_bot/lib/python3.10/site-packages:${PYTHONPATH} /usr/bin/python3 -W ignore:setup.py install is deprecated setup.py egg_info --egg-base ../../build/my_bot build --build-base /home/pushpanjali/Downloads/serial_line_follower/build/my_bot/build install --record /home/pushpanjali/Downloads/serial_line_follower/build/my_bot/install.log --single-version-externally-managed install_data
