[0.212s] DEBUG:colcon:Command line arguments: ['/usr/bin/colcon', 'build', '--symlink-install']
[0.212s] DEBUG:colcon:Parsed command line arguments: Namespace(log_base=None, log_level=None, verb_name='build', build_base='build', install_base='install', merge_install=False, symlink_install=True, test_result_base=None, continue_on_error=False, executor='parallel', parallel_workers=8, event_handlers=None, ignore_user_meta=False, metas=['./colcon.meta'], base_paths=['.'], packages_ignore=None, packages_ignore_regex=None, paths=None, packages_up_to=None, packages_up_to_regex=None, packages_above=None, packages_above_and_dependencies=None, packages_above_depth=None, packages_select_by_dep=None, packages_skip_by_dep=None, packages_skip_up_to=None, packages_select_build_failed=False, packages_skip_build_finished=False, packages_select_test_failures=False, packages_skip_test_passed=False, packages_select=None, packages_skip=None, packages_select_regex=None, packages_skip_regex=None, packages_start=None, packages_end=None, allow_overriding=[], cmake_args=None, cmake_target=None, cmake_target_skip_unavailable=False, cmake_clean_cache=False, cmake_clean_first=False, cmake_force_configure=False, ament_cmake_args=None, catkin_cmake_args=None, catkin_skip_building_tests=False, mixin_files=None, mixin=None, verb_parser=<colcon_mixin.mixin.mixin_argument.MixinArgumentDecorator object at 0x75fc73f42a70>, verb_extension=<colcon_core.verb.build.BuildVerb object at 0x75fc73f423b0>, main=<bound method BuildVerb.main of <colcon_core.verb.build.BuildVerb object at 0x75fc73f423b0>>, mixin_verb=('build',))
[0.523s] Level 1:colcon.colcon_core.package_discovery:discover_packages(colcon_meta) check parameters
[0.524s] Level 1:colcon.colcon_core.package_discovery:discover_packages(recursive) check parameters
[0.524s] Level 1:colcon.colcon_core.package_discovery:discover_packages(ignore) check parameters
[0.524s] Level 1:colcon.colcon_core.package_discovery:discover_packages(path) check parameters
[0.524s] Level 1:colcon.colcon_core.package_discovery:discover_packages(colcon_meta) discover
[0.524s] Level 1:colcon.colcon_core.package_discovery:discover_packages(recursive) discover
[0.524s] INFO:colcon.colcon_core.package_discovery:Crawling recursively for packages in '/home/pushpanjali/serial_line_follower'
[0.524s] Level 1:colcon.colcon_core.package_identification:_identify(.) by extensions ['ignore', 'ignore_ament_install']
[0.524s] Level 1:colcon.colcon_core.package_identification:_identify(.) by extension 'ignore'
[0.524s] Level 1:colcon.colcon_core.package_identification:_identify(.) by extension 'ignore_ament_install'
[0.524s] Level 1:colcon.colcon_core.package_identification:_identify(.) by extensions ['colcon_pkg']
[0.525s] Level 1:colcon.colcon_core.package_identification:_identify(.) by extension 'colcon_pkg'
[0.525s] Level 1:colcon.colcon_core.package_identification:_identify(.) by extensions ['colcon_meta']
[0.525s] Level 1:colcon.colcon_core.package_identification:_identify(.) by extension 'colcon_meta'
[0.525s] Level 1:colcon.colcon_core.package_identification:_identify(.) by extensions ['ros']
[0.525s] Level 1:colcon.colcon_core.package_identification:_identify(.) by extension 'ros'
[0.545s] Level 1:colcon.colcon_core.package_identification:_identify(.) by extensions ['cmake', 'python']
[0.546s] Level 1:colcon.colcon_core.package_identification:_identify(.) by extension 'cmake'
[0.546s] Level 1:colcon.colcon_core.package_identification:_identify(.) by extension 'python'
[0.546s] Level 1:colcon.colcon_core.package_identification:_identify(.) by extensions ['python_setup_py']
[0.546s] Level 1:colcon.colcon_core.package_identification:_identify(.) by extension 'python_setup_py'
[0.546s] Level 1:colcon.colcon_core.package_identification:_identify(build) by extensions ['ignore', 'ignore_ament_install']
[0.546s] Level 1:colcon.colcon_core.package_identification:_identify(build) by extension 'ignore'
[0.546s] Level 1:colcon.colcon_core.package_identification:_identify(build) ignored
[0.546s] Level 1:colcon.colcon_core.package_identification:_identify(install) by extensions ['ignore', 'ignore_ament_install']
[0.547s] Level 1:colcon.colcon_core.package_identification:_identify(install) by extension 'ignore'
[0.547s] Level 1:colcon.colcon_core.package_identification:_identify(install) ignored
[0.547s] Level 1:colcon.colcon_core.package_identification:_identify(log) by extensions ['ignore', 'ignore_ament_install']
[0.547s] Level 1:colcon.colcon_core.package_identification:_identify(log) by extension 'ignore'
[0.547s] Level 1:colcon.colcon_core.package_identification:_identify(log) ignored
[0.547s] Level 1:colcon.colcon_core.package_identification:_identify(src) by extensions ['ignore', 'ignore_ament_install']
[0.547s] Level 1:colcon.colcon_core.package_identification:_identify(src) by extension 'ignore'
[0.548s] Level 1:colcon.colcon_core.package_identification:_identify(src) by extension 'ignore_ament_install'
[0.548s] Level 1:colcon.colcon_core.package_identification:_identify(src) by extensions ['colcon_pkg']
[0.548s] Level 1:colcon.colcon_core.package_identification:_identify(src) by extension 'colcon_pkg'
[0.548s] Level 1:colcon.colcon_core.package_identification:_identify(src) by extensions ['colcon_meta']
[0.548s] Level 1:colcon.colcon_core.package_identification:_identify(src) by extension 'colcon_meta'
[0.548s] Level 1:colcon.colcon_core.package_identification:_identify(src) by extensions ['ros']
[0.548s] Level 1:colcon.colcon_core.package_identification:_identify(src) by extension 'ros'
[0.548s] Level 1:colcon.colcon_core.package_identification:_identify(src) by extensions ['cmake', 'python']
[0.548s] Level 1:colcon.colcon_core.package_identification:_identify(src) by extension 'cmake'
[0.548s] Level 1:colcon.colcon_core.package_identification:_identify(src) by extension 'python'
[0.548s] Level 1:colcon.colcon_core.package_identification:_identify(src) by extensions ['python_setup_py']
[0.548s] Level 1:colcon.colcon_core.package_identification:_identify(src) by extension 'python_setup_py'
[0.548s] Level 1:colcon.colcon_core.package_identification:_identify(src/my_bot) by extensions ['ignore', 'ignore_ament_install']
[0.549s] Level 1:colcon.colcon_core.package_identification:_identify(src/my_bot) by extension 'ignore'
[0.549s] Level 1:colcon.colcon_core.package_identification:_identify(src/my_bot) by extension 'ignore_ament_install'
[0.549s] Level 1:colcon.colcon_core.package_identification:_identify(src/my_bot) by extensions ['colcon_pkg']
[0.549s] Level 1:colcon.colcon_core.package_identification:_identify(src/my_bot) by extension 'colcon_pkg'
[0.549s] Level 1:colcon.colcon_core.package_identification:_identify(src/my_bot) by extensions ['colcon_meta']
[0.549s] Level 1:colcon.colcon_core.package_identification:_identify(src/my_bot) by extension 'colcon_meta'
[0.549s] Level 1:colcon.colcon_core.package_identification:_identify(src/my_bot) by extensions ['ros']
[0.549s] Level 1:colcon.colcon_core.package_identification:_identify(src/my_bot) by extension 'ros'
[0.554s] DEBUG:colcon.colcon_core.package_identification:Package 'src/my_bot' with type 'ros.ament_python' and name 'my_bot'
[0.554s] Level 1:colcon.colcon_core.package_discovery:discover_packages(recursive) using defaults
[0.554s] Level 1:colcon.colcon_core.package_discovery:discover_packages(ignore) discover
[0.554s] Level 1:colcon.colcon_core.package_discovery:discover_packages(ignore) using defaults
[0.554s] Level 1:colcon.colcon_core.package_discovery:discover_packages(path) discover
[0.554s] Level 1:colcon.colcon_core.package_discovery:discover_packages(path) using defaults
[0.592s] Level 1:colcon.colcon_core.package_discovery:discover_packages(prefix_path) check parameters
[0.593s] Level 1:colcon.colcon_core.package_discovery:discover_packages(prefix_path) discover
[0.594s] WARNING:colcon.colcon_ros.prefix_path.catkin:The path '~/serial_line_follower/install' in the environment variable CMAKE_PREFIX_PATH doesn't exist
[0.615s] DEBUG:colcon.colcon_installed_package_information.package_discovery:Found 1 installed packages in /home/pushpanjali/ros2_work/install
[0.618s] DEBUG:colcon.colcon_installed_package_information.package_discovery:Found 294 installed packages in /opt/ros/humble
[0.621s] Level 1:colcon.colcon_core.package_discovery:discover_packages(prefix_path) using defaults
[0.697s] Level 5:colcon.colcon_core.verb:set package 'my_bot' build argument 'cmake_args' from command line to 'None'
[0.697s] Level 5:colcon.colcon_core.verb:set package 'my_bot' build argument 'cmake_target' from command line to 'None'
[0.697s] Level 5:colcon.colcon_core.verb:set package 'my_bot' build argument 'cmake_target_skip_unavailable' from command line to 'False'
[0.697s] Level 5:colcon.colcon_core.verb:set package 'my_bot' build argument 'cmake_clean_cache' from command line to 'False'
[0.697s] Level 5:colcon.colcon_core.verb:set package 'my_bot' build argument 'cmake_clean_first' from command line to 'False'
[0.697s] Level 5:colcon.colcon_core.verb:set package 'my_bot' build argument 'cmake_force_configure' from command line to 'False'
[0.698s] Level 5:colcon.colcon_core.verb:set package 'my_bot' build argument 'ament_cmake_args' from command line to 'None'
[0.698s] Level 5:colcon.colcon_core.verb:set package 'my_bot' build argument 'catkin_cmake_args' from command line to 'None'
[0.698s] Level 5:colcon.colcon_core.verb:set package 'my_bot' build argument 'catkin_skip_building_tests' from command line to 'False'
[0.698s] DEBUG:colcon.colcon_core.verb:Building package 'my_bot' with the following arguments: {'ament_cmake_args': None, 'build_base': '/home/pushpanjali/serial_line_follower/build/my_bot', 'catkin_cmake_args': None, 'catkin_skip_building_tests': False, 'cmake_args': None, 'cmake_clean_cache': False, 'cmake_clean_first': False, 'cmake_force_configure': False, 'cmake_target': None, 'cmake_target_skip_unavailable': False, 'install_base': '/home/pushpanjali/serial_line_follower/install/my_bot', 'merge_install': False, 'path': '/home/pushpanjali/serial_line_follower/src/my_bot', 'symlink_install': True, 'test_result_base': None}
[0.698s] INFO:colcon.colcon_core.executor:Executing jobs using 'parallel' executor
[0.700s] DEBUG:colcon.colcon_parallel_executor.executor.parallel:run_until_complete
[0.700s] INFO:colcon.colcon_ros.task.ament_python.build:Building ROS package in '/home/pushpanjali/serial_line_follower/src/my_bot' with build type 'ament_python'
[0.700s] Level 1:colcon.colcon_core.shell:create_environment_hook('my_bot', 'ament_prefix_path')
[0.704s] INFO:colcon.colcon_core.plugin_system:Skipping extension 'colcon_core.shell.bat': Not used on non-Windows systems
[0.704s] INFO:colcon.colcon_core.shell:Creating environment hook '/home/pushpanjali/serial_line_follower/install/my_bot/share/my_bot/hook/ament_prefix_path.ps1'
[0.705s] INFO:colcon.colcon_core.shell:Creating environment descriptor '/home/pushpanjali/serial_line_follower/install/my_bot/share/my_bot/hook/ament_prefix_path.dsv'
[0.706s] INFO:colcon.colcon_core.shell:Creating environment hook '/home/pushpanjali/serial_line_follower/install/my_bot/share/my_bot/hook/ament_prefix_path.sh'
[0.707s] INFO:colcon.colcon_core.shell:Skip shell extension 'powershell' for command environment: Not usable outside of PowerShell
[0.707s] DEBUG:colcon.colcon_core.shell:Skip shell extension 'dsv' for command environment
[1.224s] INFO:colcon.colcon_core.task.python.build:Building Python package in '/home/pushpanjali/serial_line_follower/src/my_bot'
[1.225s] INFO:colcon.colcon_core.shell:Skip shell extension 'powershell' for command environment: Not usable outside of PowerShell
[1.225s] DEBUG:colcon.colcon_core.shell:Skip shell extension 'dsv' for command environment
[1.893s] DEBUG:colcon.colcon_core.event_handler.log_command:Invoking command in '/home/pushpanjali/serial_line_follower/build/my_bot': PYTHONPATH=/home/pushpanjali/serial_line_follower/build/my_bot/prefix_override:/usr/lib/python3/dist-packages/colcon_core/task/python/colcon_distutils_commands:/home/pushpanjali/serial_line_follower/install/my_bot/lib/python3.10/site-packages:${PYTHONPATH} /usr/bin/python3 -W ignore:setup.py install is deprecated setup.py develop --editable --build-directory /home/pushpanjali/serial_line_follower/build/my_bot/build --no-deps symlink_data
[2.758s] Level 1:colcon.colcon_core.shell:create_environment_hook('my_bot', 'pythonpath_develop')
[2.759s] INFO:colcon.colcon_core.shell:Creating environment hook '/home/pushpanjali/serial_line_follower/build/my_bot/share/my_bot/hook/pythonpath_develop.ps1'
[2.760s] DEBUG:colcon.colcon_core.event_handler.log_command:Invoked command in '/home/pushpanjali/serial_line_follower/build/my_bot' returned '0': PYTHONPATH=/home/pushpanjali/serial_line_follower/build/my_bot/prefix_override:/usr/lib/python3/dist-packages/colcon_core/task/python/colcon_distutils_commands:/home/pushpanjali/serial_line_follower/install/my_bot/lib/python3.10/site-packages:${PYTHONPATH} /usr/bin/python3 -W ignore:setup.py install is deprecated setup.py develop --editable --build-directory /home/pushpanjali/serial_line_follower/build/my_bot/build --no-deps symlink_data
[2.760s] INFO:colcon.colcon_core.shell:Creating environment descriptor '/home/pushpanjali/serial_line_follower/build/my_bot/share/my_bot/hook/pythonpath_develop.dsv'
[2.761s] INFO:colcon.colcon_core.shell:Creating environment hook '/home/pushpanjali/serial_line_follower/build/my_bot/share/my_bot/hook/pythonpath_develop.sh'
[2.766s] Level 1:colcon.colcon_core.environment:checking '/home/pushpanjali/serial_line_follower/install/my_bot' for CMake module files
[2.767s] Level 1:colcon.colcon_core.environment:checking '/home/pushpanjali/serial_line_follower/install/my_bot' for CMake config files
[2.768s] Level 1:colcon.colcon_core.environment:checking '/home/pushpanjali/serial_line_follower/install/my_bot/lib'
[2.768s] Level 1:colcon.colcon_core.environment:checking '/home/pushpanjali/serial_line_follower/install/my_bot/bin'
[2.768s] Level 1:colcon.colcon_core.environment:checking '/home/pushpanjali/serial_line_follower/install/my_bot/lib/pkgconfig/my_bot.pc'
[2.769s] Level 1:colcon.colcon_core.environment:checking '/home/pushpanjali/serial_line_follower/install/my_bot/lib/python3.10/site-packages'
[2.769s] Level 1:colcon.colcon_core.shell:create_environment_hook('my_bot', 'pythonpath')
[2.769s] INFO:colcon.colcon_core.shell:Creating environment hook '/home/pushpanjali/serial_line_follower/install/my_bot/share/my_bot/hook/pythonpath.ps1'
[2.770s] INFO:colcon.colcon_core.shell:Creating environment descriptor '/home/pushpanjali/serial_line_follower/install/my_bot/share/my_bot/hook/pythonpath.dsv'
[2.770s] INFO:colcon.colcon_core.shell:Creating environment hook '/home/pushpanjali/serial_line_follower/install/my_bot/share/my_bot/hook/pythonpath.sh'
[2.771s] Level 1:colcon.colcon_core.environment:checking '/home/pushpanjali/serial_line_follower/install/my_bot/bin'
[2.771s] Level 1:colcon.colcon_core.environment:create_environment_scripts_only(my_bot)
[2.772s] INFO:colcon.colcon_core.shell:Creating package script '/home/pushpanjali/serial_line_follower/install/my_bot/share/my_bot/package.ps1'
[2.774s] INFO:colcon.colcon_core.shell:Creating package descriptor '/home/pushpanjali/serial_line_follower/install/my_bot/share/my_bot/package.dsv'
[2.775s] INFO:colcon.colcon_core.shell:Creating package script '/home/pushpanjali/serial_line_follower/install/my_bot/share/my_bot/package.sh'
[2.776s] INFO:colcon.colcon_core.shell:Creating package script '/home/pushpanjali/serial_line_follower/install/my_bot/share/my_bot/package.bash'
[2.777s] INFO:colcon.colcon_core.shell:Creating package script '/home/pushpanjali/serial_line_follower/install/my_bot/share/my_bot/package.zsh'
[2.779s] Level 1:colcon.colcon_core.environment:create_file_with_runtime_dependencies(/home/pushpanjali/serial_line_follower/install/my_bot/share/colcon-core/packages/my_bot)
[2.780s] DEBUG:colcon.colcon_parallel_executor.executor.parallel:closing loop
[2.780s] DEBUG:colcon.colcon_parallel_executor.executor.parallel:loop closed
[2.780s] DEBUG:colcon.colcon_parallel_executor.executor.parallel:run_until_complete finished with '0'
[2.780s] DEBUG:colcon.colcon_core.event_reactor:joining thread
[2.790s] INFO:colcon.colcon_core.plugin_system:Skipping extension 'colcon_notification.desktop_notification.terminal_notifier': Not used on non-Darwin systems
[2.790s] INFO:colcon.colcon_core.plugin_system:Skipping extension 'colcon_notification.desktop_notification.win32': Not used on non-Windows systems
[2.790s] INFO:colcon.colcon_notification.desktop_notification:Sending desktop notification using 'notify2'
[2.812s] DEBUG:colcon.colcon_core.event_reactor:joined thread
[2.813s] INFO:colcon.colcon_core.shell:Creating prefix script '/home/pushpanjali/serial_line_follower/install/local_setup.ps1'
[2.816s] INFO:colcon.colcon_core.shell:Creating prefix util module '/home/pushpanjali/serial_line_follower/install/_local_setup_util_ps1.py'
[2.820s] INFO:colcon.colcon_core.shell:Creating prefix chain script '/home/pushpanjali/serial_line_follower/install/setup.ps1'
[2.823s] INFO:colcon.colcon_core.shell:Creating prefix script '/home/pushpanjali/serial_line_follower/install/local_setup.sh'
[2.825s] INFO:colcon.colcon_core.shell:Creating prefix util module '/home/pushpanjali/serial_line_follower/install/_local_setup_util_sh.py'
[2.827s] INFO:colcon.colcon_core.shell:Creating prefix chain script '/home/pushpanjali/serial_line_follower/install/setup.sh'
[2.829s] INFO:colcon.colcon_core.shell:Creating prefix script '/home/pushpanjali/serial_line_follower/install/local_setup.bash'
[2.830s] INFO:colcon.colcon_core.shell:Creating prefix chain script '/home/pushpanjali/serial_line_follower/install/setup.bash'
[2.832s] INFO:colcon.colcon_core.shell:Creating prefix script '/home/pushpanjali/serial_line_follower/install/local_setup.zsh'
[2.833s] INFO:colcon.colcon_core.shell:Creating prefix chain script '/home/pushpanjali/serial_line_follower/install/setup.zsh'
