running egg_info
writing ../../build/my_bot/my_bot.egg-info/PKG-INFO
writing dependency_links to ../../build/my_bot/my_bot.egg-info/dependency_links.txt
writing entry points to ../../build/my_bot/my_bot.egg-info/entry_points.txt
writing requirements to ../../build/my_bot/my_bot.egg-info/requires.txt
writing top-level names to ../../build/my_bot/my_bot.egg-info/top_level.txt
reading manifest file '../../build/my_bot/my_bot.egg-info/SOURCES.txt'
writing manifest file '../../build/my_bot/my_bot.egg-info/SOURCES.txt'
running build
running build_py
copying my_bot/ir_node.py -> /home/pushpanjali/Downloads/serial_line_follower/build/my_bot/build/lib/my_bot
copying my_bot/motor_control.py -> /home/pushpanjali/Downloads/serial_line_follower/build/my_bot/build/lib/my_bot
running install
running install_lib
copying /home/pushpanjali/Downloads/serial_line_follower/build/my_bot/build/lib/my_bot/ir_node.py -> /home/pushpanjali/Downloads/serial_line_follower/install/my_bot/lib/python3.10/site-packages/my_bot
copying /home/pushpanjali/Downloads/serial_line_follower/build/my_bot/build/lib/my_bot/motor_control.py -> /home/pushpanjali/Downloads/serial_line_follower/install/my_bot/lib/python3.10/site-packages/my_bot
byte-compiling /home/pushpanjali/Downloads/serial_line_follower/install/my_bot/lib/python3.10/site-packages/my_bot/ir_node.py to ir_node.cpython-310.pyc
byte-compiling /home/pushpanjali/Downloads/serial_line_follower/install/my_bot/lib/python3.10/site-packages/my_bot/motor_control.py to motor_control.cpython-310.pyc
running install_data
running install_egg_info
removing '/home/pushpanjali/Downloads/serial_line_follower/install/my_bot/lib/python3.10/site-packages/my_bot-0.0.0-py3.10.egg-info' (and everything under it)
Copying ../../build/my_bot/my_bot.egg-info to /home/pushpanjali/Downloads/serial_line_follower/install/my_bot/lib/python3.10/site-packages/my_bot-0.0.0-py3.10.egg-info
running install_scripts
Installing blue script to /home/pushpanjali/Downloads/serial_line_follower/install/my_bot/lib/my_bot
Installing ir_node script to /home/pushpanjali/Downloads/serial_line_follower/install/my_bot/lib/my_bot
Installing motor_control script to /home/pushpanjali/Downloads/serial_line_follower/install/my_bot/lib/my_bot
writing list of installed files to '/home/pushpanjali/Downloads/serial_line_follower/build/my_bot/install.log'
